<?xml version="1.0" encoding="UTF-8"?>
<testng-results skipped="0" failed="1" total="3" passed="2">
  <reporter-output>
  </reporter-output>
  <suite name="Default suite" duration-ms="39610" started-at="2018-06-27T09:31:14Z" finished-at="2018-06-27T09:31:53Z">
    <groups>
    </groups>
    <test name="Default test" duration-ms="39610" started-at="2018-06-27T09:31:14Z" finished-at="2018-06-27T09:31:53Z">
      <class name="com.ajay.AdvanceSelenium.BookingTicket">
        <test-method status="PASS" signature="beforeTest()[pri:0, instance:com.ajay.AdvanceSelenium.BookingTicket@14bf9759]" name="beforeTest" is-config="true" duration-ms="27091" started-at="2018-06-27T15:01:14Z" finished-at="2018-06-27T15:01:41Z">
          <reporter-output>
          </reporter-output>
        </test-method> <!-- beforeTest -->
        <test-method status="PASS" signature="login(java.lang.String, java.lang.String)[pri:0, instance:com.ajay.AdvanceSelenium.BookingTicket@14bf9759]" name="login" duration-ms="7320" started-at="2018-06-27T15:01:42Z" data-provider="loginData" finished-at="2018-06-27T15:01:49Z">
          <params>
            <param index="0">
              <value>
                <![CDATA[invalidUN]]>
              </value>
            </param>
            <param index="1">
              <value>
                <![CDATA[invalidPW]]>
              </value>
            </param>
          </params>
          <reporter-output>
          </reporter-output>
        </test-method> <!-- login -->
        <test-method status="PASS" signature="login(java.lang.String, java.lang.String)[pri:0, instance:com.ajay.AdvanceSelenium.BookingTicket@14bf9759]" name="login" duration-ms="2665" started-at="2018-06-27T15:01:49Z" data-provider="loginData" finished-at="2018-06-27T15:01:52Z">
          <params>
            <param index="0">
              <value>
                <![CDATA[invalid]]>
              </value>
            </param>
            <param index="1">
              <value>
                <![CDATA[invalidPW]]>
              </value>
            </param>
          </params>
          <reporter-output>
          </reporter-output>
        </test-method> <!-- login -->
        <test-method status="FAIL" signature="login(java.lang.String, java.lang.String)[pri:0, instance:com.ajay.AdvanceSelenium.BookingTicket@14bf9759]" name="login" duration-ms="1662" started-at="2018-06-27T15:01:52Z" data-provider="loginData" finished-at="2018-06-27T15:01:53Z">
          <params>
            <param index="0">
              <value>
                <![CDATA[invalid]]>
              </value>
            </param>
            <param index="1">
              <value>
                <![CDATA[invalidPW]]>
              </value>
            </param>
          </params>
          <exception class="java.lang.NullPointerException">
            <full-stacktrace>
              <![CDATA[java.lang.NullPointerException
	at com.ajay.AdvanceSelenium.ExcelUtility.setExcelData(ExcelUtility.java:52)
	at com.ajay.AdvanceSelenium.BookingTicket.login(BookingTicket.java:41)
	at sun.reflect.NativeMethodAccessorImpl.invoke0(Native Method)
	at sun.reflect.NativeMethodAccessorImpl.invoke(Unknown Source)
	at sun.reflect.DelegatingMethodAccessorImpl.invoke(Unknown Source)
	at java.lang.reflect.Method.invoke(Unknown Source)
	at org.testng.internal.MethodInvocationHelper.invokeMethod(MethodInvocationHelper.java:84)
	at org.testng.internal.Invoker.invokeMethod(Invoker.java:714)
	at org.testng.internal.Invoker.invokeTestMethod(Invoker.java:901)
	at org.testng.internal.Invoker.invokeTestMethods(Invoker.java:1231)
	at org.testng.internal.TestMethodWorker.invokeTestMethods(TestMethodWorker.java:127)
	at org.testng.internal.TestMethodWorker.run(TestMethodWorker.java:111)
	at org.testng.TestRunner.privateRun(TestRunner.java:767)
	at org.testng.TestRunner.run(TestRunner.java:617)
	at org.testng.SuiteRunner.runTest(SuiteRunner.java:348)
	at org.testng.SuiteRunner.runSequentially(SuiteRunner.java:343)
	at org.testng.SuiteRunner.privateRun(SuiteRunner.java:305)
	at org.testng.SuiteRunner.run(SuiteRunner.java:254)
	at org.testng.SuiteRunnerWorker.runSuite(SuiteRunnerWorker.java:52)
	at org.testng.SuiteRunnerWorker.run(SuiteRunnerWorker.java:86)
	at org.testng.TestNG.runSuitesSequentially(TestNG.java:1224)
	at org.testng.TestNG.runSuitesLocally(TestNG.java:1149)
	at org.testng.TestNG.run(TestNG.java:1057)
	at org.testng.remote.AbstractRemoteTestNG.run(AbstractRemoteTestNG.java:114)
	at org.testng.remote.RemoteTestNG.initAndRun(RemoteTestNG.java:251)
	at org.testng.remote.RemoteTestNG.main(RemoteTestNG.java:77)
]]>
            </full-stacktrace>
          </exception> <!-- java.lang.NullPointerException -->
          <reporter-output>
          </reporter-output>
        </test-method> <!-- login -->
        <test-method status="PASS" signature="afterTest()[pri:0, instance:com.ajay.AdvanceSelenium.BookingTicket@14bf9759]" name="afterTest" is-config="true" duration-ms="0" started-at="2018-06-27T15:01:53Z" finished-at="2018-06-27T15:01:53Z">
          <reporter-output>
          </reporter-output>
        </test-method> <!-- afterTest -->
      </class> <!-- com.ajay.AdvanceSelenium.BookingTicket -->
    </test> <!-- Default test -->
  </suite> <!-- Default suite -->
</testng-results>
