<?xml version="1.0" encoding="UTF-8"?>
<testng-results skipped="0" failed="0" total="2" passed="2">
  <reporter-output>
  </reporter-output>
  <suite name="Default suite" duration-ms="18526" started-at="2018-06-25T12:40:24Z" finished-at="2018-06-25T12:40:42Z">
    <groups>
    </groups>
    <test name="Default test" duration-ms="18526" started-at="2018-06-25T12:40:24Z" finished-at="2018-06-25T12:40:42Z">
      <class name="com.ajay.AdvanceSelenium.BookingTicket">
        <test-method status="PASS" signature="beforeTest()[pri:0, instance:com.ajay.AdvanceSelenium.BookingTicket@26653222]" name="beforeTest" is-config="true" duration-ms="9697" started-at="2018-06-25T18:10:24Z" finished-at="2018-06-25T18:10:34Z">
          <reporter-output>
          </reporter-output>
        </test-method> <!-- beforeTest -->
        <test-method status="PASS" signature="login(java.lang.String, java.lang.String)[pri:0, instance:com.ajay.AdvanceSelenium.BookingTicket@26653222]" name="login" duration-ms="5012" started-at="2018-06-25T18:10:35Z" data-provider="loginData" finished-at="2018-06-25T18:10:40Z">
          <params>
            <param index="0">
              <value>
                <![CDATA[invalidUN]]>
              </value>
            </param>
            <param index="1">
              <value>
                <![CDATA[invalidPW]]>
              </value>
            </param>
          </params>
          <reporter-output>
          </reporter-output>
        </test-method> <!-- login -->
        <test-method status="PASS" signature="bookTicket()[pri:0, instance:com.ajay.AdvanceSelenium.BookingTicket@26653222]" name="bookTicket" duration-ms="2846" started-at="2018-06-25T18:10:40Z" finished-at="2018-06-25T18:10:42Z">
          <reporter-output>
          </reporter-output>
        </test-method> <!-- bookTicket -->
        <test-method status="PASS" signature="afterTest()[pri:0, instance:com.ajay.AdvanceSelenium.BookingTicket@26653222]" name="afterTest" is-config="true" duration-ms="0" started-at="2018-06-25T18:10:42Z" finished-at="2018-06-25T18:10:42Z">
          <reporter-output>
          </reporter-output>
        </test-method> <!-- afterTest -->
      </class> <!-- com.ajay.AdvanceSelenium.BookingTicket -->
    </test> <!-- Default test -->
  </suite> <!-- Default suite -->
</testng-results>
